<?xml version="1.0" encoding="UTF-8"?>
<testsuite name="BeanFactoryTest" tests="1" skipped="0" failures="0" errors="0" timestamp="2019-12-12T23:53:30" hostname="DESKTOP-J9O9DR3" time="1.191">
  <properties/>
  <testcase name="getBeanTest()" classname="BeanFactoryTest" time="1.191"/>
  <system-out><![CDATA[创建Bean
]]></system-out>
  <system-err><![CDATA[]]></system-err>
</testsuite>
