<?xml version="1.0" encoding="UTF-8"?>
<testsuite name="BeanFactoryTest" tests="1" skipped="0" failures="0" errors="0" timestamp="2019-12-10T23:45:48" hostname="DESKTOP-J9O9DR3" time="1.161">
  <properties/>
  <testcase name="createBeanTest()" classname="BeanFactoryTest" time="1.161"/>
  <system-out><![CDATA[创建Bean
UserServiceImpl@1ce9073
]]></system-out>
  <system-err><![CDATA[ERROR StatusLogger No Log4j 2 configuration file found. Using default configuration (logging only errors to the console), or user programmatically provided configurations. Set system property 'log4j2.debug' to show Log4j 2 internal initialization logging. See https://logging.apache.org/log4j/2.x/manual/configuration.html for instructions on how to configure Log4j 2
]]></system-err>
</testsuite>
